<?xml version="1.0" encoding="UTF-8"?>
<!-- Generated by org.testng.reporters.JUnitXMLReporter -->
<testsuite ignored="8" hostname="DESKTOP-T2MM1GM" failures="0" tests="1" name="Test2" time="6.262" errors="0" timestamp="2023-05-21T21:13:45 IST">
  <testcase classname="com.newMethods.TestActions" name="testdropable" time="2.317"/>
  <testcase classname="com.newMethods.TestActions" name="priceRangeSlider" time="0.0">
    <ignored/>
  </testcase> <!-- priceRangeSlider -->
  <testcase classname="com.newMethods.TestActions" name="testMenu" time="0.0">
    <ignored/>
  </testcase> <!-- testMenu -->
  <testcase classname="com.newMethods.TestActions" name="resizable" time="0.0">
    <ignored/>
  </testcase> <!-- resizable -->
  <testcase classname="com.newMethods.TestActions" name="testSelectable" time="0.0">
    <ignored/>
  </testcase> <!-- testSelectable -->
  <testcase classname="com.newMethods.TestActions" name="testFileUpload" time="0.0">
    <ignored/>
  </testcase> <!-- testFileUpload -->
  <testcase classname="com.newMethods.TestActions" name="testDraggable" time="0.0">
    <ignored/>
  </testcase> <!-- testDraggable -->
  <testcase classname="com.newMethods.TestActions" name="datepicker" time="0.0">
    <ignored/>
  </testcase> <!-- datepicker -->
  <testcase classname="com.newMethods.TestActions" name="testTooltip" time="0.0">
    <ignored/>
  </testcase> <!-- testTooltip -->
</testsuite> <!-- Test2 -->
